<?xml version="1.0" encoding="utf-8"?>
<test-run id="2" testcasecount="27" result="Passed" total="27" passed="27" failed="0" inconclusive="0" skipped="0" asserts="0" engine-version="3.5.0.0" clr-version="4.0.30319.42000" start-time="2026-09-13 13:22:19Z" end-time="2026-09-13 13:22:20Z" duration="0.9071267">
  <test-suite type="TestSuite" id="1000" name="unity" fullname="unity" runstate="Runnable" testcasecount="549" result="Passed" start-time="2026-09-13 13:22:19Z" end-time="2026-09-13 13:22:20Z" duration="0.907127" total="27" passed="27" failed="0" inconclusive="0" skipped="0" asserts="0">
    <properties>
      <property name="platform" value="EditMode" />
    </properties>
    <test-suite type="Assembly" id="1331" name="MmorpgClient.Tests.EditMode.Guild.dll" fullname="E:/work/mmorpg-client/Library/ScriptAssemblies/MmorpgClient.Tests.EditMode.Guild.dll" runstate="Runnable" testcasecount="27" result="Passed" start-time="2026-09-13 13:22:19Z" end-time="2026-09-13 13:22:20Z" duration="0.882268" total="27" passed="27" failed="0" inconclusive="0" skipped="0" asserts="0">
      <properties>
        <property name="_PID" value="35120" />
        <property name="_APPDOMAIN" value="Unity Child Domain" />
        <property name="platform" value="EditMode" />
        <property name="EditorOnly" value="True" />
      </properties>
      <test-suite type="TestSuite" id="1332" name="MmorpgClient" fullname="MmorpgClient" runstate="Runnable" testcasecount="27" result="Passed" start-time="2026-09-13 13:22:19Z" end-time="2026-09-13 13:22:20Z" duration="0.881017" total="27" passed="27" failed="0" inconclusive="0" skipped="0" asserts="0">
        <properties />
        <test-suite type="TestSuite" id="1333" name="Tests" fullname="MmorpgClient.Tests" runstate="Runnable" testcasecount="27" result="Passed" start-time="2026-09-13 13:22:19Z" end-time="2026-09-13 13:22:20Z" duration="0.880165" total="27" passed="27" failed="0" inconclusive="0" skipped="0" asserts="0">
          <properties />
          <test-suite type="TestSuite" id="1334" name="EditMode" fullname="MmorpgClient.Tests.EditMode" runstate="Runnable" testcasecount="27" result="Passed" start-time="2026-09-13 13:22:19Z" end-time="2026-09-13 13:22:20Z" duration="0.879539" total="27" passed="27" failed="0" inconclusive="0" skipped="0" asserts="0">
            <properties />
            <test-suite type="TestSuite" id="1335" name="Tianyong" fullname="MmorpgClient.Tests.EditMode.Tianyong" runstate="Runnable" testcasecount="27" result="Passed" start-time="2026-09-13 13:22:19Z" end-time="2026-09-13 13:22:20Z" duration="0.878314" total="27" passed="27" failed="0" inconclusive="0" skipped="0" asserts="0">
              <properties />
              <test-suite type="TestFixture" id="1300" name="GuildClientTests" fullname="MmorpgClient.Tests.EditMode.Tianyong.GuildClientTests" classname="MmorpgClient.Tests.EditMode.Tianyong.GuildClientTests" runstate="Runnable" testcasecount="16" result="Passed" start-time="2026-09-13 13:22:19Z" end-time="2026-09-13 13:22:19Z" duration="0.387727" total="16" passed="16" failed="0" inconclusive="0" skipped="0" asserts="0">
                <properties />
                <test-suite type="ParameterizedMethod" id="1310" name="AnnouncementPermissionMatchesAuthoritativeServerRoles" fullname="MmorpgClient.Tests.EditMode.Tianyong.GuildClientTests.AnnouncementPermissionMatchesAuthoritativeServerRoles" classname="MmorpgClient.Tests.EditMode.Tianyong.GuildClientTests" runstate="Runnable" testcasecount="4" result="Passed" start-time="2026-09-13 13:22:19Z" end-time="2026-09-13 13:22:19Z" duration="0.053157" total="4" passed="4" failed="0" inconclusive="0" skipped="0" asserts="0">
                  <properties />
                  <test-case id="1306" name="AnnouncementPermissionMatchesAuthoritativeServerRoles(uint.MinValue,False)" fullname="MmorpgClient.Tests.EditMode.Tianyong.GuildClientTests.AnnouncementPermissionMatchesAuthoritativeServerRoles(uint.MinValue,False)" methodname="AnnouncementPermissionMatchesAuthoritativeServerRoles" classname="MmorpgClient.Tests.EditMode.Tianyong.GuildClientTests" runstate="Runnable" seed="106390414" result="Passed" start-time="2026-09-13 13:22:19Z" end-time="2026-09-13 13:22:19Z" duration="0.039798" asserts="0">
                    <properties>
                      <property name="retryIteration" value="0" />
                      <property name="repeatIteration" value="0" />
                    </properties>
                  </test-case>
                  <test-case id="1307" name="AnnouncementPermissionMatchesAuthoritativeServerRoles(1,True)" fullname="MmorpgClient.Tests.EditMode.Tianyong.GuildClientTests.AnnouncementPermissionMatchesAuthoritativeServerRoles(1,True)" methodname="AnnouncementPermissionMatchesAuthoritativeServerRoles" classname="MmorpgClient.Tests.EditMode.Tianyong.GuildClientTests" runstate="Runnable" seed="1221183451" result="Passed" start-time="2026-09-13 13:22:19Z" end-time="2026-09-13 13:22:19Z" duration="0.001398" asserts="0">
                    <properties>
                      <property name="retryIteration" value="0" />
                      <property name="repeatIteration" value="0" />
                    </properties>
                  </test-case>
                  <test-case id="1308" name="AnnouncementPermissionMatchesAuthoritativeServerRoles(2,False)" fullname="MmorpgClient.Tests.EditMode.Tianyong.GuildClientTests.AnnouncementPermissionMatchesAuthoritativeServerRoles(2,False)" methodname="AnnouncementPermissionMatchesAuthoritativeServerRoles" classname="MmorpgClient.Tests.EditMode.Tianyong.GuildClientTests" runstate="Runnable" seed="1930033225" result="Passed" start-time="2026-09-13 13:22:19Z" end-time="2026-09-13 13:22:19Z" duration="0.000191" asserts="0">
                    <properties>
                      <property name="retryIteration" value="0" />
                      <property name="repeatIteration" value="0" />
                    </properties>
                  </test-case>
                  <test-case id="1309" name="AnnouncementPermissionMatchesAuthoritativeServerRoles(3,True)" fullname="MmorpgClient.Tests.EditMode.Tianyong.GuildClientTests.AnnouncementPermissionMatchesAuthoritativeServerRoles(3,True)" methodname="AnnouncementPermissionMatchesAuthoritativeServerRoles" classname="MmorpgClient.Tests.EditMode.Tianyong.GuildClientTests" runstate="Runnable" seed="2120413614" result="Passed" start-time="2026-09-13 13:22:19Z" end-time="2026-09-13 13:22:19Z" duration="0.000157" asserts="0">
                    <properties>
                      <property name="retryIteration" value="0" />
                      <property name="repeatIteration" value="0" />
                    </properties>
                  </test-case>
                </test-suite>
                <test-case id="1312" name="DisconnectedCallIsNotSent" fullname="MmorpgClient.Tests.EditMode.Tianyong.GuildClientTests.DisconnectedCallIsNotSent" methodname="DisconnectedCallIsNotSent" classname="MmorpgClient.Tests.EditMode.Tianyong.GuildClientTests" runstate="Runnable" seed="895659995" result="Passed" start-time="2026-09-13 13:22:19Z" end-time="2026-09-13 13:22:19Z" duration="0.001899" asserts="0">
                  <properties>
                    <property name="retryIteration" value="0" />
                    <property name="repeatIteration" value="0" />
                  </properties>
                </test-case>
                <test-case id="1305" name="DuplicateJoinIsBlockedAndDoesNotOptimisticallySetMembership" fullname="MmorpgClient.Tests.EditMode.Tianyong.GuildClientTests.DuplicateJoinIsBlockedAndDoesNotOptimisticallySetMembership" methodname="DuplicateJoinIsBlockedAndDoesNotOptimisticallySetMembership" classname="MmorpgClient.Tests.EditMode.Tianyong.GuildClientTests" runstate="Runnable" seed="1223661685" result="Passed" start-time="2026-09-13 13:22:19Z" end-time="2026-09-13 13:22:19Z" duration="0.008631" asserts="0">
                  <properties>
                    <property name="retryIteration" value="0" />
                    <property name="repeatIteration" value="0" />
                  </properties>
                </test-case>
                <test-case id="1311" name="FailedAnnouncementDoesNotOverwriteTheSnapshot" fullname="MmorpgClient.Tests.EditMode.Tianyong.GuildClientTests.FailedAnnouncementDoesNotOverwriteTheSnapshot" methodname="FailedAnnouncementDoesNotOverwriteTheSnapshot" classname="MmorpgClient.Tests.EditMode.Tianyong.GuildClientTests" runstate="Runnable" seed="1823039937" result="Passed" start-time="2026-09-13 13:22:19Z" end-time="2026-09-13 13:22:19Z" duration="0.002664" asserts="0">
                  <properties>
                    <property name="retryIteration" value="0" />
                    <property name="repeatIteration" value="0" />
                  </properties>
                </test-case>
                <test-case id="1302" name="LateSnapshotAfterResetCannotRepopulateTheSession" fullname="MmorpgClient.Tests.EditMode.Tianyong.GuildClientTests.LateSnapshotAfterResetCannotRepopulateTheSession" methodname="LateSnapshotAfterResetCannotRepopulateTheSession" classname="MmorpgClient.Tests.EditMode.Tianyong.GuildClientTests" runstate="Runnable" seed="1863755432" result="Passed" start-time="2026-09-13 13:22:19Z" end-time="2026-09-13 13:22:19Z" duration="0.000565" asserts="0">
                  <properties>
                    <property name="retryIteration" value="0" />
                    <property name="repeatIteration" value="0" />
                  </properties>
                </test-case>
                <test-case id="1313" name="LeaderCannotUseLeaveAndMemberCannotDisband" fullname="MmorpgClient.Tests.EditMode.Tianyong.GuildClientTests.LeaderCannotUseLeaveAndMemberCannotDisband" methodname="LeaderCannotUseLeaveAndMemberCannotDisband" classname="MmorpgClient.Tests.EditMode.Tianyong.GuildClientTests" runstate="Runnable" seed="511205436" result="Passed" start-time="2026-09-13 13:22:19Z" end-time="2026-09-13 13:22:19Z" duration="0.000896" asserts="0">
                  <properties>
                    <property name="retryIteration" value="0" />
                    <property name="repeatIteration" value="0" />
                  </properties>
                </test-case>
                <test-case id="1301" name="NotInGuildIsLoadedEmptyState" fullname="MmorpgClient.Tests.EditMode.Tianyong.GuildClientTests.NotInGuildIsLoadedEmptyState" methodname="NotInGuildIsLoadedEmptyState" classname="MmorpgClient.Tests.EditMode.Tianyong.GuildClientTests" runstate="Runnable" seed="61272145" result="Passed" start-time="2026-09-13 13:22:19Z" end-time="2026-09-13 13:22:19Z" duration="0.000632" asserts="0">
                  <properties>
                    <property name="retryIteration" value="0" />
                    <property name="repeatIteration" value="0" />
                  </properties>
                </test-case>
                <test-case id="1317" name="OldConnectionCallbackCannotApplyBeforeNextUiObservation" fullname="MmorpgClient.Tests.EditMode.Tianyong.GuildClientTests.OldConnectionCallbackCannotApplyBeforeNextUiObservation" methodname="OldConnectionCallbackCannotApplyBeforeNextUiObservation" classname="MmorpgClient.Tests.EditMode.Tianyong.GuildClientTests" runstate="Runnable" seed="229204085" result="Passed" start-time="2026-09-13 13:22:19Z" end-time="2026-09-13 13:22:19Z" duration="0.000690" asserts="0">
                  <properties>
                    <property name="retryIteration" value="0" />
                    <property name="repeatIteration" value="0" />
                  </properties>
                </test-case>
                <test-case id="1315" name="ResetWhilePendingDoesNotReuseAZeroIdResponseSlot" fullname="MmorpgClient.Tests.EditMode.Tianyong.GuildClientTests.ResetWhilePendingDoesNotReuseAZeroIdResponseSlot" methodname="ResetWhilePendingDoesNotReuseAZeroIdResponseSlot" classname="MmorpgClient.Tests.EditMode.Tianyong.GuildClientTests" runstate="Runnable" seed="356216585" result="Passed" start-time="2026-09-13 13:22:19Z" end-time="2026-09-13 13:22:19Z" duration="0.000383" asserts="0">
                  <properties>
                    <property name="retryIteration" value="0" />
                    <property name="repeatIteration" value="0" />
                  </properties>
                </test-case>
                <test-case id="1316" name="SilentGameClientGateReplacementClearsQuarantineWithoutDisconnectNotification" fullname="MmorpgClient.Tests.EditMode.Tianyong.GuildClientTests.SilentGameClientGateReplacementClearsQuarantineWithoutDisconnectNotification" methodname="SilentGameClientGateReplacementClearsQuarantineWithoutDisconnectNotification" classname="MmorpgClient.Tests.EditMode.Tianyong.GuildClientTests" runstate="Runnable" seed="1434415153" result="Passed" start-time="2026-09-13 13:22:19Z" end-time="2026-09-13 13:22:19Z" duration="0.293142" asserts="0">
                  <properties>
                    <property name="retryIteration" value="0" />
                    <property name="repeatIteration" value="0" />
                  </properties>
                </test-case>
                <test-case id="1303" name="SnapshotFromAnotherPlayerIsRejected" fullname="MmorpgClient.Tests.EditMode.Tianyong.GuildClientTests.SnapshotFromAnotherPlayerIsRejected" methodname="SnapshotFromAnotherPlayerIsRejected" classname="MmorpgClient.Tests.EditMode.Tianyong.GuildClientTests" runstate="Runnable" seed="940964096" result="Passed" start-time="2026-09-13 13:22:19Z" end-time="2026-09-13 13:22:19Z" duration="0.000765" asserts="0">
                  <properties>
                    <property name="retryIteration" value="0" />
                    <property name="repeatIteration" value="0" />
                  </properties>
                </test-case>
                <test-case id="1314" name="TransportFailurePreservesDataButBlocksRetryUntilRealDisconnect" fullname="MmorpgClient.Tests.EditMode.Tianyong.GuildClientTests.TransportFailurePreservesDataButBlocksRetryUntilRealDisconnect" methodname="TransportFailurePreservesDataButBlocksRetryUntilRealDisconnect" classname="MmorpgClient.Tests.EditMode.Tianyong.GuildClientTests" runstate="Runnable" seed="2102895018" result="Passed" start-time="2026-09-13 13:22:19Z" end-time="2026-09-13 13:22:19Z" duration="0.003377" asserts="0">
                  <properties>
                    <property name="retryIteration" value="0" />
                    <property name="repeatIteration" value="0" />
                  </properties>
                </test-case>
                <test-case id="1304" name="UnconfirmedMembershipCannotSendJoin" fullname="MmorpgClient.Tests.EditMode.Tianyong.GuildClientTests.UnconfirmedMembershipCannotSendJoin" methodname="UnconfirmedMembershipCannotSendJoin" classname="MmorpgClient.Tests.EditMode.Tianyong.GuildClientTests" runstate="Runnable" seed="357024799" result="Passed" start-time="2026-09-13 13:22:19Z" end-time="2026-09-13 13:22:19Z" duration="0.000766" asserts="0">
                  <properties>
                    <property name="retryIteration" value="0" />
                    <property name="repeatIteration" value="0" />
                  </properties>
                </test-case>
              </test-suite>
              <test-suite type="TestFixture" id="1318" name="GuildWindowTests" fullname="MmorpgClient.Tests.EditMode.Tianyong.GuildWindowTests" classname="MmorpgClient.Tests.EditMode.Tianyong.GuildWindowTests" runstate="Runnable" testcasecount="11" result="Passed" start-time="2026-09-13 13:22:19Z" end-time="2026-09-13 13:22:20Z" duration="0.487678" total="11" passed="11" failed="0" inconclusive="0" skipped="0" asserts="0">
                <properties />
                <test-case id="1325" name="DestructiveActionRequiresAnExplicitConfirmation" fullname="MmorpgClient.Tests.EditMode.Tianyong.GuildWindowTests.DestructiveActionRequiresAnExplicitConfirmation" methodname="DestructiveActionRequiresAnExplicitConfirmation" classname="MmorpgClient.Tests.EditMode.Tianyong.GuildWindowTests" runstate="Runnable" seed="2001482357" result="Passed" start-time="2026-09-13 13:22:19Z" end-time="2026-09-13 13:22:20Z" duration="0.265852" asserts="0">
                  <properties>
                    <property name="retryIteration" value="0" />
                    <property name="repeatIteration" value="0" />
                  </properties>
                </test-case>
                <test-case id="1324" name="EscapeBackClosesConfirmationBeforeClosingTheWindow" fullname="MmorpgClient.Tests.EditMode.Tianyong.GuildWindowTests.EscapeBackClosesConfirmationBeforeClosingTheWindow" methodname="EscapeBackClosesConfirmationBeforeClosingTheWindow" classname="MmorpgClient.Tests.EditMode.Tianyong.GuildWindowTests" runstate="Runnable" seed="393766009" result="Passed" start-time="2026-09-13 13:22:20Z" end-time="2026-09-13 13:22:20Z" duration="0.018153" asserts="0">
                  <properties>
                    <property name="retryIteration" value="0" />
                    <property name="repeatIteration" value="0" />
                  </properties>
                </test-case>
                <test-case id="1329" name="GuildArtImportsAsRealSpritesWithTheIntendedInputBorder" fullname="MmorpgClient.Tests.EditMode.Tianyong.GuildWindowTests.GuildArtImportsAsRealSpritesWithTheIntendedInputBorder" methodname="GuildArtImportsAsRealSpritesWithTheIntendedInputBorder" classname="MmorpgClient.Tests.EditMode.Tianyong.GuildWindowTests" runstate="Runnable" seed="1203124921" result="Passed" start-time="2026-09-13 13:22:20Z" end-time="2026-09-13 13:22:20Z" duration="0.031368" asserts="0">
                  <properties>
                    <property name="retryIteration" value="0" />
                    <property name="repeatIteration" value="0" />
                  </properties>
                </test-case>
                <test-case id="1323" name="MemberPaginationAndOnlineFilterConsumeTheRealSnapshot" fullname="MmorpgClient.Tests.EditMode.Tianyong.GuildWindowTests.MemberPaginationAndOnlineFilterConsumeTheRealSnapshot" methodname="MemberPaginationAndOnlineFilterConsumeTheRealSnapshot" classname="MmorpgClient.Tests.EditMode.Tianyong.GuildWindowTests" runstate="Runnable" seed="211591531" result="Passed" start-time="2026-09-13 13:22:20Z" end-time="2026-09-13 13:22:20Z" duration="0.066145" asserts="0">
                  <properties>
                    <property name="retryIteration" value="0" />
                    <property name="repeatIteration" value="0" />
                  </properties>
                </test-case>
                <test-case id="1328" name="ModalDisablesBackgroundControlsAndRestoresThemOnBack" fullname="MmorpgClient.Tests.EditMode.Tianyong.GuildWindowTests.ModalDisablesBackgroundControlsAndRestoresThemOnBack" methodname="ModalDisablesBackgroundControlsAndRestoresThemOnBack" classname="MmorpgClient.Tests.EditMode.Tianyong.GuildWindowTests" runstate="Runnable" seed="1681668258" result="Passed" start-time="2026-09-13 13:22:20Z" end-time="2026-09-13 13:22:20Z" duration="0.012011" asserts="0">
                  <properties>
                    <property name="retryIteration" value="0" />
                    <property name="repeatIteration" value="0" />
                  </properties>
                </test-case>
                <test-case id="1327" name="RecoveryDisablesRequestsButKeepsReadOnlyNavigationAvailable" fullname="MmorpgClient.Tests.EditMode.Tianyong.GuildWindowTests.RecoveryDisablesRequestsButKeepsReadOnlyNavigationAvailable" methodname="RecoveryDisablesRequestsButKeepsReadOnlyNavigationAvailable" classname="MmorpgClient.Tests.EditMode.Tianyong.GuildWindowTests" runstate="Runnable" seed="2119000037" result="Passed" start-time="2026-09-13 13:22:20Z" end-time="2026-09-13 13:22:20Z" duration="0.019145" asserts="0">
                  <properties>
                    <property name="retryIteration" value="0" />
                    <property name="repeatIteration" value="0" />
                  </properties>
                </test-case>
                <test-case id="1330" name="ServerStringsAreNotRichText" fullname="MmorpgClient.Tests.EditMode.Tianyong.GuildWindowTests.ServerStringsAreNotRichText" methodname="ServerStringsAreNotRichText" classname="MmorpgClient.Tests.EditMode.Tianyong.GuildWindowTests" runstate="Runnable" seed="1482417510" result="Passed" start-time="2026-09-13 13:22:20Z" end-time="2026-09-13 13:22:20Z" duration="0.014506" asserts="0">
                  <properties>
                    <property name="retryIteration" value="0" />
                    <property name="repeatIteration" value="0" />
                  </properties>
                </test-case>
                <test-case id="1326" name="SessionResetClearsMembersAndClosesModal" fullname="MmorpgClient.Tests.EditMode.Tianyong.GuildWindowTests.SessionResetClearsMembersAndClosesModal" methodname="SessionResetClearsMembersAndClosesModal" classname="MmorpgClient.Tests.EditMode.Tianyong.GuildWindowTests" runstate="Runnable" seed="634634389" result="Passed" start-time="2026-09-13 13:22:20Z" end-time="2026-09-13 13:22:20Z" duration="0.013261" asserts="0">
                  <properties>
                    <property name="retryIteration" value="0" />
                    <property name="repeatIteration" value="0" />
                  </properties>
                </test-case>
                <test-suite type="ParameterizedMethod" id="1322" name="UnsupportedActionsAreClearlyDisabled" fullname="MmorpgClient.Tests.EditMode.Tianyong.GuildWindowTests.UnsupportedActionsAreClearlyDisabled" classname="MmorpgClient.Tests.EditMode.Tianyong.GuildWindowTests" runstate="Runnable" testcasecount="3" result="Passed" start-time="2026-09-13 13:22:20Z" end-time="2026-09-13 13:22:20Z" duration="0.039868" total="3" passed="3" failed="0" inconclusive="0" skipped="0" asserts="0">
                  <properties />
                  <test-case id="1319" name="UnsupportedActionsAreClearlyDisabled(Donate)" fullname="MmorpgClient.Tests.EditMode.Tianyong.GuildWindowTests.UnsupportedActionsAreClearlyDisabled(Donate)" methodname="UnsupportedActionsAreClearlyDisabled" classname="MmorpgClient.Tests.EditMode.Tianyong.GuildWindowTests" runstate="Runnable" seed="541614779" result="Passed" start-time="2026-09-13 13:22:20Z" end-time="2026-09-13 13:22:20Z" duration="0.012300" asserts="0">
                    <properties>
                      <property name="retryIteration" value="0" />
                      <property name="repeatIteration" value="0" />
                    </properties>
                  </test-case>
                  <test-case id="1320" name="UnsupportedActionsAreClearlyDisabled(Activities)" fullname="MmorpgClient.Tests.EditMode.Tianyong.GuildWindowTests.UnsupportedActionsAreClearlyDisabled(Activities)" methodname="UnsupportedActionsAreClearlyDisabled" classname="MmorpgClient.Tests.EditMode.Tianyong.GuildWindowTests" runstate="Runnable" seed="935168983" result="Passed" start-time="2026-09-13 13:22:20Z" end-time="2026-09-13 13:22:20Z" duration="0.010584" asserts="0">
                    <properties>
                      <property name="retryIteration" value="0" />
                      <property name="repeatIteration" value="0" />
                    </properties>
                  </test-case>
                  <test-case id="1321" name="UnsupportedActionsAreClearlyDisabled(Shop)" fullname="MmorpgClient.Tests.EditMode.Tianyong.GuildWindowTests.UnsupportedActionsAreClearlyDisabled(Shop)" methodname="UnsupportedActionsAreClearlyDisabled" classname="MmorpgClient.Tests.EditMode.Tianyong.GuildWindowTests" runstate="Runnable" seed="399684240" result="Passed" start-time="2026-09-13 13:22:20Z" end-time="2026-09-13 13:22:20Z" duration="0.010707" asserts="0">
                    <properties>
                      <property name="retryIteration" value="0" />
                      <property name="repeatIteration" value="0" />
                    </properties>
                    <output><![CDATA[Saving results to: C:/Users/luyua/AppData/LocalLow/DefaultCompany/unity\TestResults.xml
]]></output>
                  </test-case>
                </test-suite>
              </test-suite>
            </test-suite>
          </test-suite>
        </test-suite>
      </test-suite>
    </test-suite>
  </test-suite>
</test-run>