<?xml version="1.0" encoding="utf-8"?>
<test-run id="2" testcasecount="63" result="Failed(Child)" total="63" passed="61" failed="2" inconclusive="0" skipped="0" asserts="0" engine-version="3.5.0.0" clr-version="4.0.30319.42000" start-time="2026-09-17 03:31:58Z" end-time="2026-09-17 03:32:01Z" duration="2.7541991">
  <test-suite type="TestSuite" id="1000" name="unity" fullname="unity" runstate="Runnable" testcasecount="690" result="Failed" site="Child" start-time="2026-09-17 03:31:58Z" end-time="2026-09-17 03:32:01Z" duration="2.754199" total="63" passed="61" failed="2" inconclusive="0" skipped="0" asserts="0">
    <properties>
      <property name="platform" value="EditMode" />
    </properties>
    <failure>
      <message><![CDATA[One or more child tests had errors]]></message>
    </failure>
    <test-suite type="Assembly" id="1426" name="MmorpgClient.Tests.EditMode.Mail.dll" fullname="E:/work/mmorpg-client/Library/ScriptAssemblies/MmorpgClient.Tests.EditMode.Mail.dll" runstate="Runnable" testcasecount="23" result="Failed" site="Child" start-time="2026-09-17 03:31:58Z" end-time="2026-09-17 03:32:00Z" duration="2.381150" total="23" passed="21" failed="2" inconclusive="0" skipped="0" asserts="0">
      <properties>
        <property name="_PID" value="39508" />
        <property name="_APPDOMAIN" value="Unity Child Domain" />
        <property name="platform" value="EditMode" />
        <property name="EditorOnly" value="True" />
      </properties>
      <failure>
        <message><![CDATA[One or more child tests had errors]]></message>
      </failure>
      <test-suite type="TestSuite" id="1427" name="MmorpgClient" fullname="MmorpgClient" runstate="Runnable" testcasecount="23" result="Failed" site="Child" start-time="2026-09-17 03:31:58Z" end-time="2026-09-17 03:32:00Z" duration="2.378453" total="23" passed="21" failed="2" inconclusive="0" skipped="0" asserts="0">
        <properties />
        <failure>
          <message><![CDATA[One or more child tests had errors]]></message>
        </failure>
        <test-suite type="TestSuite" id="1428" name="Tests" fullname="MmorpgClient.Tests" runstate="Runnable" testcasecount="23" result="Failed" site="Child" start-time="2026-09-17 03:31:58Z" end-time="2026-09-17 03:32:00Z" duration="2.376607" total="23" passed="21" failed="2" inconclusive="0" skipped="0" asserts="0">
          <properties />
          <failure>
            <message><![CDATA[One or more child tests had errors]]></message>
          </failure>
          <test-suite type="TestSuite" id="1429" name="EditMode" fullname="MmorpgClient.Tests.EditMode" runstate="Runnable" testcasecount="23" result="Failed" site="Child" start-time="2026-09-17 03:31:58Z" end-time="2026-09-17 03:32:00Z" duration="2.373047" total="23" passed="21" failed="2" inconclusive="0" skipped="0" asserts="0">
            <properties />
            <failure>
              <message><![CDATA[One or more child tests had errors]]></message>
            </failure>
            <test-suite type="TestSuite" id="1430" name="Mail" fullname="MmorpgClient.Tests.EditMode.Mail" runstate="Runnable" testcasecount="23" result="Failed" site="Child" start-time="2026-09-17 03:31:58Z" end-time="2026-09-17 03:32:00Z" duration="2.369464" total="23" passed="21" failed="2" inconclusive="0" skipped="0" asserts="0">
              <properties />
              <failure>
                <message><![CDATA[One or more child tests had errors]]></message>
              </failure>
              <test-suite type="TestFixture" id="1401" name="MailUiStateTests" fullname="MmorpgClient.Tests.EditMode.Mail.MailUiStateTests" classname="MmorpgClient.Tests.EditMode.Mail.MailUiStateTests" runstate="Runnable" testcasecount="13" result="Passed" start-time="2026-09-17 03:31:58Z" end-time="2026-09-17 03:31:58Z" duration="0.163535" total="13" passed="13" failed="0" inconclusive="0" skipped="0" asserts="0">
                <properties />
                <test-case id="1411" name="AccountResetAndReplacementSnapshotRejectLateCallbacks" fullname="MmorpgClient.Tests.EditMode.Mail.MailUiStateTests.AccountResetAndReplacementSnapshotRejectLateCallbacks" methodname="AccountResetAndReplacementSnapshotRejectLateCallbacks" classname="MmorpgClient.Tests.EditMode.Mail.MailUiStateTests" runstate="Runnable" seed="1061053223" result="Passed" start-time="2026-09-17 03:31:58Z" end-time="2026-09-17 03:31:58Z" duration="0.065869" asserts="0">
                  <properties>
                    <property name="retryIteration" value="0" />
                    <property name="repeatIteration" value="0" />
                  </properties>
                </test-case>
                <test-case id="1404" name="BulkClaimIncludesOtherCategoriesButSkipsExpiredClaimedAndNotice" fullname="MmorpgClient.Tests.EditMode.Mail.MailUiStateTests.BulkClaimIncludesOtherCategoriesButSkipsExpiredClaimedAndNotice" methodname="BulkClaimIncludesOtherCategoriesButSkipsExpiredClaimedAndNotice" classname="MmorpgClient.Tests.EditMode.Mail.MailUiStateTests" runstate="Runnable" seed="1732086755" result="Passed" start-time="2026-09-17 03:31:58Z" end-time="2026-09-17 03:31:58Z" duration="0.006477" asserts="0">
                  <properties>
                    <property name="retryIteration" value="0" />
                    <property name="repeatIteration" value="0" />
                  </properties>
                </test-case>
                <test-case id="1406" name="ClearReadKeepsUnreadNotificationsAndUnreadOrReadPendingRewards" fullname="MmorpgClient.Tests.EditMode.Mail.MailUiStateTests.ClearReadKeepsUnreadNotificationsAndUnreadOrReadPendingRewards" methodname="ClearReadKeepsUnreadNotificationsAndUnreadOrReadPendingRewards" classname="MmorpgClient.Tests.EditMode.Mail.MailUiStateTests" runstate="Runnable" seed="196525578" result="Passed" start-time="2026-09-17 03:31:58Z" end-time="2026-09-17 03:31:58Z" duration="0.005559" asserts="0">
                  <properties>
                    <property name="retryIteration" value="0" />
                    <property name="repeatIteration" value="0" />
                  </properties>
                </test-case>
                <test-case id="1405" name="DeleteProtectsValidAttachmentsButAllowsExpired" fullname="MmorpgClient.Tests.EditMode.Mail.MailUiStateTests.DeleteProtectsValidAttachmentsButAllowsExpired" methodname="DeleteProtectsValidAttachmentsButAllowsExpired" classname="MmorpgClient.Tests.EditMode.Mail.MailUiStateTests" runstate="Runnable" seed="379079374" result="Passed" start-time="2026-09-17 03:31:58Z" end-time="2026-09-17 03:31:58Z" duration="0.001657" asserts="0">
                  <properties>
                    <property name="retryIteration" value="0" />
                    <property name="repeatIteration" value="0" />
                  </properties>
                </test-case>
                <test-case id="1407" name="ExpiryBoundaryIsInclusiveAndZeroHasNoExpiry" fullname="MmorpgClient.Tests.EditMode.Mail.MailUiStateTests.ExpiryBoundaryIsInclusiveAndZeroHasNoExpiry" methodname="ExpiryBoundaryIsInclusiveAndZeroHasNoExpiry" classname="MmorpgClient.Tests.EditMode.Mail.MailUiStateTests" runstate="Runnable" seed="1530062531" result="Passed" start-time="2026-09-17 03:31:58Z" end-time="2026-09-17 03:31:58Z" duration="0.002027" asserts="0">
                  <properties>
                    <property name="retryIteration" value="0" />
                    <property name="repeatIteration" value="0" />
                  </properties>
                </test-case>
                <test-case id="1409" name="InvalidIdsDuplicateMessagesAndNonPositiveRewardsAreNormalized" fullname="MmorpgClient.Tests.EditMode.Mail.MailUiStateTests.InvalidIdsDuplicateMessagesAndNonPositiveRewardsAreNormalized" methodname="InvalidIdsDuplicateMessagesAndNonPositiveRewardsAreNormalized" classname="MmorpgClient.Tests.EditMode.Mail.MailUiStateTests" runstate="Runnable" seed="1752607935" result="Passed" start-time="2026-09-17 03:31:58Z" end-time="2026-09-17 03:31:58Z" duration="0.002954" asserts="0">
                  <properties>
                    <property name="retryIteration" value="0" />
                    <property name="repeatIteration" value="0" />
                  </properties>
                </test-case>
                <test-case id="1413" name="MissingAdapterCannotPretendProductionSuccess" fullname="MmorpgClient.Tests.EditMode.Mail.MailUiStateTests.MissingAdapterCannotPretendProductionSuccess" methodname="MissingAdapterCannotPretendProductionSuccess" classname="MmorpgClient.Tests.EditMode.Mail.MailUiStateTests" runstate="Runnable" seed="1682988645" result="Passed" start-time="2026-09-17 03:31:58Z" end-time="2026-09-17 03:31:58Z" duration="0.000937" asserts="0">
                  <properties>
                    <property name="retryIteration" value="0" />
                    <property name="repeatIteration" value="0" />
                  </properties>
                </test-case>
                <test-case id="1414" name="PendingBulkRequestContainsOnlyValidPositiveAttachments" fullname="MmorpgClient.Tests.EditMode.Mail.MailUiStateTests.PendingBulkRequestContainsOnlyValidPositiveAttachments" methodname="PendingBulkRequestContainsOnlyValidPositiveAttachments" classname="MmorpgClient.Tests.EditMode.Mail.MailUiStateTests" runstate="Runnable" seed="1251192008" result="Passed" start-time="2026-09-17 03:31:58Z" end-time="2026-09-17 03:31:58Z" duration="0.005838" asserts="0">
                  <properties>
                    <property name="retryIteration" value="0" />
                    <property name="repeatIteration" value="0" />
                  </properties>
                </test-case>
                <test-case id="1410" name="ProductionClaimWaitsForMatchingAuthoritativeSnapshot" fullname="MmorpgClient.Tests.EditMode.Mail.MailUiStateTests.ProductionClaimWaitsForMatchingAuthoritativeSnapshot" methodname="ProductionClaimWaitsForMatchingAuthoritativeSnapshot" classname="MmorpgClient.Tests.EditMode.Mail.MailUiStateTests" runstate="Runnable" seed="1859472720" result="Passed" start-time="2026-09-17 03:31:58Z" end-time="2026-09-17 03:31:58Z" duration="0.002090" asserts="0">
                  <properties>
                    <property name="retryIteration" value="0" />
                    <property name="repeatIteration" value="0" />
                  </properties>
                </test-case>
                <test-case id="1402" name="ProductionStartsUnavailableAndNeverLoadsDemo" fullname="MmorpgClient.Tests.EditMode.Mail.MailUiStateTests.ProductionStartsUnavailableAndNeverLoadsDemo" methodname="ProductionStartsUnavailableAndNeverLoadsDemo" classname="MmorpgClient.Tests.EditMode.Mail.MailUiStateTests" runstate="Runnable" seed="1153762867" result="Passed" start-time="2026-09-17 03:31:58Z" end-time="2026-09-17 03:31:58Z" duration="0.001190" asserts="0">
                  <properties>
                    <property name="retryIteration" value="0" />
                    <property name="repeatIteration" value="0" />
                  </properties>
                </test-case>
                <test-case id="1403" name="ReadingNeverClaimsAndClaimingDoesNotReadOtherMessages" fullname="MmorpgClient.Tests.EditMode.Mail.MailUiStateTests.ReadingNeverClaimsAndClaimingDoesNotReadOtherMessages" methodname="ReadingNeverClaimsAndClaimingDoesNotReadOtherMessages" classname="MmorpgClient.Tests.EditMode.Mail.MailUiStateTests" runstate="Runnable" seed="693792539" result="Passed" start-time="2026-09-17 03:31:58Z" end-time="2026-09-17 03:31:58Z" duration="0.001351" asserts="0">
                  <properties>
                    <property name="retryIteration" value="0" />
                    <property name="repeatIteration" value="0" />
                  </properties>
                </test-case>
                <test-case id="1408" name="SnapshotAndAllReadModelsAreDeepCopies" fullname="MmorpgClient.Tests.EditMode.Mail.MailUiStateTests.SnapshotAndAllReadModelsAreDeepCopies" methodname="SnapshotAndAllReadModelsAreDeepCopies" classname="MmorpgClient.Tests.EditMode.Mail.MailUiStateTests" runstate="Runnable" seed="1976627475" result="Passed" start-time="2026-09-17 03:31:58Z" end-time="2026-09-17 03:31:58Z" duration="0.002102" asserts="0">
                  <properties>
                    <property name="retryIteration" value="0" />
                    <property name="repeatIteration" value="0" />
                  </properties>
                </test-case>
                <test-case id="1412" name="UncertainMutationTimeoutLocksUntilSuccessfulRefreshEvenIfRefreshTimesOut" fullname="MmorpgClient.Tests.EditMode.Mail.MailUiStateTests.UncertainMutationTimeoutLocksUntilSuccessfulRefreshEvenIfRefreshTimesOut" methodname="UncertainMutationTimeoutLocksUntilSuccessfulRefreshEvenIfRefreshTimesOut" classname="MmorpgClient.Tests.EditMode.Mail.MailUiStateTests" runstate="Runnable" seed="1809842272" result="Passed" start-time="2026-09-17 03:31:58Z" end-time="2026-09-17 03:31:58Z" duration="0.006714" asserts="0">
                  <properties>
                    <property name="retryIteration" value="0" />
                    <property name="repeatIteration" value="0" />
                  </properties>
                </test-case>
              </test-suite>
              <test-suite type="TestFixture" id="1415" name="MailWindowTests" fullname="MmorpgClient.Tests.EditMode.Mail.MailWindowTests" classname="MmorpgClient.Tests.EditMode.Mail.MailWindowTests" runstate="Runnable" testcasecount="10" result="Failed" site="Child" start-time="2026-09-17 03:31:58Z" end-time="2026-09-17 03:32:00Z" duration="2.198005" total="10" passed="8" failed="2" inconclusive="0" skipped="0" asserts="0">
                <properties />
                <failure>
                  <message><![CDATA[One or more child tests had errors]]></message>
                </failure>
                <test-case id="1421" name="ActivityDialogIsExplicitlyOfflineAndEscapeClosesOnlyDialog" fullname="MmorpgClient.Tests.EditMode.Mail.MailWindowTests.ActivityDialogIsExplicitlyOfflineAndEscapeClosesOnlyDialog" methodname="ActivityDialogIsExplicitlyOfflineAndEscapeClosesOnlyDialog" classname="MmorpgClient.Tests.EditMode.Mail.MailWindowTests" runstate="Runnable" seed="2038577991" result="Passed" start-time="2026-09-17 03:31:58Z" end-time="2026-09-17 03:31:59Z" duration="0.421656" asserts="0">
                  <properties>
                    <property name="retryIteration" value="0" />
                    <property name="repeatIteration" value="0" />
                  </properties>
                </test-case>
                <test-case id="1420" name="DeletionProtectsPendingRewardsAndConfirmationHasSafeCancelFocus" fullname="MmorpgClient.Tests.EditMode.Mail.MailWindowTests.DeletionProtectsPendingRewardsAndConfirmationHasSafeCancelFocus" methodname="DeletionProtectsPendingRewardsAndConfirmationHasSafeCancelFocus" classname="MmorpgClient.Tests.EditMode.Mail.MailWindowTests" runstate="Runnable" seed="11117271" result="Failed" label="Error" start-time="2026-09-17 03:31:59Z" end-time="2026-09-17 03:31:59Z" duration="0.336680" asserts="0">
                  <properties>
                    <property name="retryIteration" value="0" />
                    <property name="repeatIteration" value="0" />
                  </properties>
                  <failure>
                    <message><![CDATA[System.NullReferenceException : Object reference not set to an instance of an object]]></message>
                    <stack-trace><![CDATA[  at MmorpgClient.Tests.EditMode.Mail.MailWindowTests.DeletionProtectsPendingRewardsAndConfirmationHasSafeCancelFocus () [0x0008a] in E:\work\mmorpg-client\Assets\Tests\EditMode\Mail\MailWindowTests.cs:71 
  at (wrapper managed-to-native) System.Reflection.RuntimeMethodInfo.InternalInvoke(System.Reflection.RuntimeMethodInfo,object,object[],System.Exception&)
  at System.Reflection.RuntimeMethodInfo.Invoke (System.Object obj, System.Reflection.BindingFlags invokeAttr, System.Reflection.Binder binder, System.Object[] parameters, System.Globalization.CultureInfo culture) [0x0006a] in <c5ae8a4eeb824526b5df2932bc2395e0>:0 ]]></stack-trace>
                  </failure>
                </test-case>
                <test-case id="1419" name="ExpiredAndNotificationStatesHaveAppropriateActions" fullname="MmorpgClient.Tests.EditMode.Mail.MailWindowTests.ExpiredAndNotificationStatesHaveAppropriateActions" methodname="ExpiredAndNotificationStatesHaveAppropriateActions" classname="MmorpgClient.Tests.EditMode.Mail.MailWindowTests" runstate="Runnable" seed="1827489069" result="Passed" start-time="2026-09-17 03:31:59Z" end-time="2026-09-17 03:31:59Z" duration="0.295095" asserts="0">
                  <properties>
                    <property name="retryIteration" value="0" />
                    <property name="repeatIteration" value="0" />
                  </properties>
                </test-case>
                <test-case id="1424" name="HideRestoresFocusAndBalancesGameplayInputBlocker" fullname="MmorpgClient.Tests.EditMode.Mail.MailWindowTests.HideRestoresFocusAndBalancesGameplayInputBlocker" methodname="HideRestoresFocusAndBalancesGameplayInputBlocker" classname="MmorpgClient.Tests.EditMode.Mail.MailWindowTests" runstate="Runnable" seed="1523964617" result="Failed" label="Error" start-time="2026-09-17 03:31:59Z" end-time="2026-09-17 03:31:59Z" duration="0.020232" asserts="0">
                  <properties>
                    <property name="retryIteration" value="0" />
                    <property name="repeatIteration" value="0" />
                  </properties>
                  <failure>
                    <message><![CDATA[System.NullReferenceException : Object reference not set to an instance of an object]]></message>
                    <stack-trace><![CDATA[  at MmorpgClient.Tests.EditMode.Mail.MailWindowTests.HideRestoresFocusAndBalancesGameplayInputBlocker () [0x00017] in E:\work\mmorpg-client\Assets\Tests\EditMode\Mail\MailWindowTests.cs:104 
  at (wrapper managed-to-native) System.Reflection.RuntimeMethodInfo.InternalInvoke(System.Reflection.RuntimeMethodInfo,object,object[],System.Exception&)
  at System.Reflection.RuntimeMethodInfo.Invoke (System.Object obj, System.Reflection.BindingFlags invokeAttr, System.Reflection.Binder binder, System.Object[] parameters, System.Globalization.CultureInfo culture) [0x0006a] in <c5ae8a4eeb824526b5df2932bc2395e0>:0 ]]></stack-trace>
                  </failure>
                </test-case>
                <test-case id="1417" name="ListBodyAndRewardsHaveIndependentMasksAndFixedActionsAreOutsideThem" fullname="MmorpgClient.Tests.EditMode.Mail.MailWindowTests.ListBodyAndRewardsHaveIndependentMasksAndFixedActionsAreOutsideThem" methodname="ListBodyAndRewardsHaveIndependentMasksAndFixedActionsAreOutsideThem" classname="MmorpgClient.Tests.EditMode.Mail.MailWindowTests" runstate="Runnable" seed="768282939" result="Passed" start-time="2026-09-17 03:31:59Z" end-time="2026-09-17 03:31:59Z" duration="0.150872" asserts="0">
                  <properties>
                    <property name="retryIteration" value="0" />
                    <property name="repeatIteration" value="0" />
                  </properties>
                </test-case>
                <test-case id="1422" name="ManyAttachmentsAreAllRetainedInsideHorizontalScrollableViewport" fullname="MmorpgClient.Tests.EditMode.Mail.MailWindowTests.ManyAttachmentsAreAllRetainedInsideHorizontalScrollableViewport" methodname="ManyAttachmentsAreAllRetainedInsideHorizontalScrollableViewport" classname="MmorpgClient.Tests.EditMode.Mail.MailWindowTests" runstate="Runnable" seed="1235317279" result="Passed" start-time="2026-09-17 03:31:59Z" end-time="2026-09-17 03:32:00Z" duration="0.227014" asserts="0">
                  <properties>
                    <property name="retryIteration" value="0" />
                    <property name="repeatIteration" value="0" />
                  </properties>
                </test-case>
                <test-case id="1418" name="OpeningReadsButClaimButtonAloneClaimsAndDisables" fullname="MmorpgClient.Tests.EditMode.Mail.MailWindowTests.OpeningReadsButClaimButtonAloneClaimsAndDisables" methodname="OpeningReadsButClaimButtonAloneClaimsAndDisables" classname="MmorpgClient.Tests.EditMode.Mail.MailWindowTests" runstate="Runnable" seed="280565056" result="Passed" start-time="2026-09-17 03:32:00Z" end-time="2026-09-17 03:32:00Z" duration="0.208915" asserts="0">
                  <properties>
                    <property name="retryIteration" value="0" />
                    <property name="repeatIteration" value="0" />
                  </properties>
                </test-case>
                <test-case id="1423" name="OtherEventBannerHasNoHardcodedMidautumnTitleAndUserTextIsLiteral" fullname="MmorpgClient.Tests.EditMode.Mail.MailWindowTests.OtherEventBannerHasNoHardcodedMidautumnTitleAndUserTextIsLiteral" methodname="OtherEventBannerHasNoHardcodedMidautumnTitleAndUserTextIsLiteral" classname="MmorpgClient.Tests.EditMode.Mail.MailWindowTests" runstate="Runnable" seed="1779666648" result="Passed" start-time="2026-09-17 03:32:00Z" end-time="2026-09-17 03:32:00Z" duration="0.149249" asserts="0">
                  <properties>
                    <property name="retryIteration" value="0" />
                    <property name="repeatIteration" value="0" />
                  </properties>
                </test-case>
                <test-case id="1425" name="SessionResetClearsSelectionDataAndDialog" fullname="MmorpgClient.Tests.EditMode.Mail.MailWindowTests.SessionResetClearsSelectionDataAndDialog" methodname="SessionResetClearsSelectionDataAndDialog" classname="MmorpgClient.Tests.EditMode.Mail.MailWindowTests" runstate="Runnable" seed="1269338302" result="Passed" start-time="2026-09-17 03:32:00Z" end-time="2026-09-17 03:32:00Z" duration="0.310704" asserts="0">
                  <properties>
                    <property name="retryIteration" value="0" />
                    <property name="repeatIteration" value="0" />
                  </properties>
                </test-case>
                <test-case id="1416" name="UnavailableWindowHasNoClaimableDemoData" fullname="MmorpgClient.Tests.EditMode.Mail.MailWindowTests.UnavailableWindowHasNoClaimableDemoData" methodname="UnavailableWindowHasNoClaimableDemoData" classname="MmorpgClient.Tests.EditMode.Mail.MailWindowTests" runstate="Runnable" seed="1604330310" result="Passed" start-time="2026-09-17 03:32:00Z" end-time="2026-09-17 03:32:00Z" duration="0.063225" asserts="0">
                  <properties>
                    <property name="retryIteration" value="0" />
                    <property name="repeatIteration" value="0" />
                  </properties>
                </test-case>
              </test-suite>
            </test-suite>
          </test-suite>
        </test-suite>
      </test-suite>
    </test-suite>
    <test-suite type="Assembly" id="1476" name="MmorpgClient.Tests.EditMode.Social.dll" fullname="E:/work/mmorpg-client/Library/ScriptAssemblies/MmorpgClient.Tests.EditMode.Social.dll" runstate="Runnable" testcasecount="40" result="Passed" start-time="2026-09-17 03:32:00Z" end-time="2026-09-17 03:32:01Z" duration="0.323463" total="40" passed="40" failed="0" inconclusive="0" skipped="0" asserts="0">
      <properties>
        <property name="_PID" value="39508" />
        <property name="_APPDOMAIN" value="Unity Child Domain" />
        <property name="platform" value="EditMode" />
        <property name="EditorOnly" value="True" />
      </properties>
      <test-suite type="TestSuite" id="1477" name="MmorpgClient" fullname="MmorpgClient" runstate="Runnable" testcasecount="40" result="Passed" start-time="2026-09-17 03:32:00Z" end-time="2026-09-17 03:32:01Z" duration="0.244082" total="40" passed="40" failed="0" inconclusive="0" skipped="0" asserts="0">
        <properties />
        <test-suite type="TestSuite" id="1478" name="Tests" fullname="MmorpgClient.Tests" runstate="Runnable" testcasecount="40" result="Passed" start-time="2026-09-17 03:32:00Z" end-time="2026-09-17 03:32:01Z" duration="0.235362" total="40" passed="40" failed="0" inconclusive="0" skipped="0" asserts="0">
          <properties />
          <test-suite type="TestSuite" id="1479" name="EditMode" fullname="MmorpgClient.Tests.EditMode" runstate="Runnable" testcasecount="40" result="Passed" start-time="2026-09-17 03:32:00Z" end-time="2026-09-17 03:32:01Z" duration="0.218408" total="40" passed="40" failed="0" inconclusive="0" skipped="0" asserts="0">
            <properties />
            <test-suite type="TestSuite" id="1480" name="Social" fullname="MmorpgClient.Tests.EditMode.Social" runstate="Runnable" testcasecount="40" result="Passed" start-time="2026-09-17 03:32:00Z" end-time="2026-09-17 03:32:01Z" duration="0.210850" total="40" passed="40" failed="0" inconclusive="0" skipped="0" asserts="0">
              <properties />
              <test-suite type="TestFixture" id="1451" name="SocialClientTests" fullname="MmorpgClient.Tests.EditMode.Social.SocialClientTests" classname="MmorpgClient.Tests.EditMode.Social.SocialClientTests" runstate="Runnable" testcasecount="22" result="Passed" start-time="2026-09-17 03:32:00Z" end-time="2026-09-17 03:32:01Z" duration="0.140497" total="22" passed="22" failed="0" inconclusive="0" skipped="0" asserts="0">
                <properties />
                <test-case id="1473" name="ConcurrentRefreshesCoalesceWithoutDuplicateRequest" fullname="MmorpgClient.Tests.EditMode.Social.SocialClientTests.ConcurrentRefreshesCoalesceWithoutDuplicateRequest" methodname="ConcurrentRefreshesCoalesceWithoutDuplicateRequest" classname="MmorpgClient.Tests.EditMode.Social.SocialClientTests" runstate="Runnable" seed="1915297898" result="Passed" start-time="2026-09-17 03:32:00Z" end-time="2026-09-17 03:32:00Z" duration="0.035941" asserts="0">
                  <properties>
                    <property name="retryIteration" value="0" />
                    <property name="repeatIteration" value="0" />
                  </properties>
                </test-case>
                <test-case id="1471" name="ConnectionChangeIsRejectedBeforeNextRootObservation" fullname="MmorpgClient.Tests.EditMode.Social.SocialClientTests.ConnectionChangeIsRejectedBeforeNextRootObservation" methodname="ConnectionChangeIsRejectedBeforeNextRootObservation" classname="MmorpgClient.Tests.EditMode.Social.SocialClientTests" runstate="Runnable" seed="495882419" result="Passed" start-time="2026-09-17 03:32:00Z" end-time="2026-09-17 03:32:00Z" duration="0.001490" asserts="0">
                  <properties>
                    <property name="retryIteration" value="0" />
                    <property name="repeatIteration" value="0" />
                  </properties>
                </test-case>
                <test-suite type="ParameterizedMethod" id="1467" name="DefiniteOuterServerTipDoesNotRequireRelogin" fullname="MmorpgClient.Tests.EditMode.Social.SocialClientTests.DefiniteOuterServerTipDoesNotRequireRelogin" classname="MmorpgClient.Tests.EditMode.Social.SocialClientTests" runstate="Runnable" testcasecount="4" result="Passed" start-time="2026-09-17 03:32:00Z" end-time="2026-09-17 03:32:01Z" duration="0.046731" total="4" passed="4" failed="0" inconclusive="0" skipped="0" asserts="0">
                  <properties />
                  <test-case id="1463" name="DefiniteOuterServerTipDoesNotRequireRelogin(KInvalidParameter)" fullname="MmorpgClient.Tests.EditMode.Social.SocialClientTests.DefiniteOuterServerTipDoesNotRequireRelogin(KInvalidParameter)" methodname="DefiniteOuterServerTipDoesNotRequireRelogin" classname="MmorpgClient.Tests.EditMode.Social.SocialClientTests" runstate="Runnable" seed="284027788" result="Passed" start-time="2026-09-17 03:32:01Z" end-time="2026-09-17 03:32:01Z" duration="0.004981" asserts="0">
                    <properties>
                      <property name="retryIteration" value="0" />
                      <property name="repeatIteration" value="0" />
                    </properties>
                  </test-case>
                  <test-case id="1464" name="DefiniteOuterServerTipDoesNotRequireRelogin(KFeatureUnavailable)" fullname="MmorpgClient.Tests.EditMode.Social.SocialClientTests.DefiniteOuterServerTipDoesNotRequireRelogin(KFeatureUnavailable)" methodname="DefiniteOuterServerTipDoesNotRequireRelogin" classname="MmorpgClient.Tests.EditMode.Social.SocialClientTests" runstate="Runnable" seed="1924883942" result="Passed" start-time="2026-09-17 03:32:01Z" end-time="2026-09-17 03:32:01Z" duration="0.000640" asserts="0">
                    <properties>
                      <property name="retryIteration" value="0" />
                      <property name="repeatIteration" value="0" />
                    </properties>
                  </test-case>
                  <test-case id="1465" name="DefiniteOuterServerTipDoesNotRequireRelogin(KRateLimitExceeded)" fullname="MmorpgClient.Tests.EditMode.Social.SocialClientTests.DefiniteOuterServerTipDoesNotRequireRelogin(KRateLimitExceeded)" methodname="DefiniteOuterServerTipDoesNotRequireRelogin" classname="MmorpgClient.Tests.EditMode.Social.SocialClientTests" runstate="Runnable" seed="1330306188" result="Passed" start-time="2026-09-17 03:32:01Z" end-time="2026-09-17 03:32:01Z" duration="0.000433" asserts="0">
                    <properties>
                      <property name="retryIteration" value="0" />
                      <property name="repeatIteration" value="0" />
                    </properties>
                  </test-case>
                  <test-case id="1466" name="DefiniteOuterServerTipDoesNotRequireRelogin(KMessageSizeExceeded)" fullname="MmorpgClient.Tests.EditMode.Social.SocialClientTests.DefiniteOuterServerTipDoesNotRequireRelogin(KMessageSizeExceeded)" methodname="DefiniteOuterServerTipDoesNotRequireRelogin" classname="MmorpgClient.Tests.EditMode.Social.SocialClientTests" runstate="Runnable" seed="1237185791" result="Passed" start-time="2026-09-17 03:32:01Z" end-time="2026-09-17 03:32:01Z" duration="0.000500" asserts="0">
                    <properties>
                      <property name="retryIteration" value="0" />
                      <property name="repeatIteration" value="0" />
                    </properties>
                  </test-case>
                </test-suite>
                <test-case id="1474" name="DisconnectedTransportCannotSend" fullname="MmorpgClient.Tests.EditMode.Social.SocialClientTests.DisconnectedTransportCannotSend" methodname="DisconnectedTransportCannotSend" classname="MmorpgClient.Tests.EditMode.Social.SocialClientTests" runstate="Runnable" seed="27821834" result="Passed" start-time="2026-09-17 03:32:01Z" end-time="2026-09-17 03:32:01Z" duration="0.002029" asserts="0">
                  <properties>
                    <property name="retryIteration" value="0" />
                    <property name="repeatIteration" value="0" />
                  </properties>
                </test-case>
                <test-case id="1458" name="EmptyOrOverLimitTextNeverReachesTransport" fullname="MmorpgClient.Tests.EditMode.Social.SocialClientTests.EmptyOrOverLimitTextNeverReachesTransport" methodname="EmptyOrOverLimitTextNeverReachesTransport" classname="MmorpgClient.Tests.EditMode.Social.SocialClientTests" runstate="Runnable" seed="1436651674" result="Passed" start-time="2026-09-17 03:32:01Z" end-time="2026-09-17 03:32:01Z" duration="0.000896" asserts="0">
                  <properties>
                    <property name="retryIteration" value="0" />
                    <property name="repeatIteration" value="0" />
                  </properties>
                </test-case>
                <test-case id="1462" name="InnerServerRejectionPreservesDraftAndAllowsRetry" fullname="MmorpgClient.Tests.EditMode.Social.SocialClientTests.InnerServerRejectionPreservesDraftAndAllowsRetry" methodname="InnerServerRejectionPreservesDraftAndAllowsRetry" classname="MmorpgClient.Tests.EditMode.Social.SocialClientTests" runstate="Runnable" seed="1162841210" result="Passed" start-time="2026-09-17 03:32:01Z" end-time="2026-09-17 03:32:01Z" duration="0.008643" asserts="0">
                  <properties>
                    <property name="retryIteration" value="0" />
                    <property name="repeatIteration" value="0" />
                  </properties>
                </test-case>
                <test-case id="1475" name="LiveClientRejectsPreviewState" fullname="MmorpgClient.Tests.EditMode.Social.SocialClientTests.LiveClientRejectsPreviewState" methodname="LiveClientRejectsPreviewState" classname="MmorpgClient.Tests.EditMode.Social.SocialClientTests" runstate="Runnable" seed="434831435" result="Passed" start-time="2026-09-17 03:32:01Z" end-time="2026-09-17 03:32:01Z" duration="0.004707" asserts="0">
                  <properties>
                    <property name="retryIteration" value="0" />
                    <property name="repeatIteration" value="0" />
                  </properties>
                </test-case>
                <test-case id="1461" name="NewDraftTypedDuringSendIsPreservedAfterAck" fullname="MmorpgClient.Tests.EditMode.Social.SocialClientTests.NewDraftTypedDuringSendIsPreservedAfterAck" methodname="NewDraftTypedDuringSendIsPreservedAfterAck" classname="MmorpgClient.Tests.EditMode.Social.SocialClientTests" runstate="Runnable" seed="1416877288" result="Passed" start-time="2026-09-17 03:32:01Z" end-time="2026-09-17 03:32:01Z" duration="0.000963" asserts="0">
                  <properties>
                    <property name="retryIteration" value="0" />
                    <property name="repeatIteration" value="0" />
                  </properties>
                </test-case>
                <test-case id="1468" name="OuterServiceUnavailableDoesNotClaimRejectionOrRetryWithNewBusinessId" fullname="MmorpgClient.Tests.EditMode.Social.SocialClientTests.OuterServiceUnavailableDoesNotClaimRejectionOrRetryWithNewBusinessId" methodname="OuterServiceUnavailableDoesNotClaimRejectionOrRetryWithNewBusinessId" classname="MmorpgClient.Tests.EditMode.Social.SocialClientTests" runstate="Runnable" seed="1165221829" result="Passed" start-time="2026-09-17 03:32:01Z" end-time="2026-09-17 03:32:01Z" duration="0.001657" asserts="0">
                  <properties>
                    <property name="retryIteration" value="0" />
                    <property name="repeatIteration" value="0" />
                  </properties>
                </test-case>
                <test-case id="1472" name="PlayerChangeRejectsOldReply" fullname="MmorpgClient.Tests.EditMode.Social.SocialClientTests.PlayerChangeRejectsOldReply" methodname="PlayerChangeRejectsOldReply" classname="MmorpgClient.Tests.EditMode.Social.SocialClientTests" runstate="Runnable" seed="1431453266" result="Passed" start-time="2026-09-17 03:32:01Z" end-time="2026-09-17 03:32:01Z" duration="0.001310" asserts="0">
                  <properties>
                    <property name="retryIteration" value="0" />
                    <property name="repeatIteration" value="0" />
                  </properties>
                </test-case>
                <test-case id="1452" name="RefreshUsesExistingMessageNumberChannelAndFiftyItemLimit" fullname="MmorpgClient.Tests.EditMode.Social.SocialClientTests.RefreshUsesExistingMessageNumberChannelAndFiftyItemLimit" methodname="RefreshUsesExistingMessageNumberChannelAndFiftyItemLimit" classname="MmorpgClient.Tests.EditMode.Social.SocialClientTests" runstate="Runnable" seed="134840916" result="Passed" start-time="2026-09-17 03:32:01Z" end-time="2026-09-17 03:32:01Z" duration="0.004508" asserts="0">
                  <properties>
                    <property name="retryIteration" value="0" />
                    <property name="repeatIteration" value="0" />
                  </properties>
                </test-case>
                <test-case id="1470" name="ResetRejectsLateReplyAndDoesNotReusePendingSlot" fullname="MmorpgClient.Tests.EditMode.Social.SocialClientTests.ResetRejectsLateReplyAndDoesNotReusePendingSlot" methodname="ResetRejectsLateReplyAndDoesNotReusePendingSlot" classname="MmorpgClient.Tests.EditMode.Social.SocialClientTests" runstate="Runnable" seed="264533569" result="Passed" start-time="2026-09-17 03:32:01Z" end-time="2026-09-17 03:32:01Z" duration="0.000969" asserts="0">
                  <properties>
                    <property name="retryIteration" value="0" />
                    <property name="repeatIteration" value="0" />
                  </properties>
                </test-case>
                <test-case id="1459" name="SendUsesBusinessRequestIdButDoesNotInsertOptimisticMessage" fullname="MmorpgClient.Tests.EditMode.Social.SocialClientTests.SendUsesBusinessRequestIdButDoesNotInsertOptimisticMessage" methodname="SendUsesBusinessRequestIdButDoesNotInsertOptimisticMessage" classname="MmorpgClient.Tests.EditMode.Social.SocialClientTests" runstate="Runnable" seed="182960028" result="Passed" start-time="2026-09-17 03:32:01Z" end-time="2026-09-17 03:32:01Z" duration="0.001799" asserts="0">
                  <properties>
                    <property name="retryIteration" value="0" />
                    <property name="repeatIteration" value="0" />
                  </properties>
                </test-case>
                <test-case id="1460" name="SuccessfulEmptyProtobufAckClearsAcknowledgedDraftAndPullsHistory" fullname="MmorpgClient.Tests.EditMode.Social.SocialClientTests.SuccessfulEmptyProtobufAckClearsAcknowledgedDraftAndPullsHistory" methodname="SuccessfulEmptyProtobufAckClearsAcknowledgedDraftAndPullsHistory" classname="MmorpgClient.Tests.EditMode.Social.SocialClientTests" runstate="Runnable" seed="533471375" result="Passed" start-time="2026-09-17 03:32:01Z" end-time="2026-09-17 03:32:01Z" duration="0.002325" asserts="0">
                  <properties>
                    <property name="retryIteration" value="0" />
                    <property name="repeatIteration" value="0" />
                  </properties>
                </test-case>
                <test-case id="1469" name="TimeoutDoesNotClaimSuccessAndBlocksAmbiguousRetryUntilConnectionChanges" fullname="MmorpgClient.Tests.EditMode.Social.SocialClientTests.TimeoutDoesNotClaimSuccessAndBlocksAmbiguousRetryUntilConnectionChanges" methodname="TimeoutDoesNotClaimSuccessAndBlocksAmbiguousRetryUntilConnectionChanges" classname="MmorpgClient.Tests.EditMode.Social.SocialClientTests" runstate="Runnable" seed="1947477035" result="Passed" start-time="2026-09-17 03:32:01Z" end-time="2026-09-17 03:32:01Z" duration="0.001174" asserts="0">
                  <properties>
                    <property name="retryIteration" value="0" />
                    <property name="repeatIteration" value="0" />
                  </properties>
                </test-case>
                <test-suite type="ParameterizedMethod" id="1457" name="UnsupportedChannelsNeverSendRpc" fullname="MmorpgClient.Tests.EditMode.Social.SocialClientTests.UnsupportedChannelsNeverSendRpc" classname="MmorpgClient.Tests.EditMode.Social.SocialClientTests" runstate="Runnable" testcasecount="4" result="Passed" start-time="2026-09-17 03:32:01Z" end-time="2026-09-17 03:32:01Z" duration="0.006305" total="4" passed="4" failed="0" inconclusive="0" skipped="0" asserts="0">
                  <properties />
                  <test-case id="1453" name="UnsupportedChannelsNeverSendRpc(Current)" fullname="MmorpgClient.Tests.EditMode.Social.SocialClientTests.UnsupportedChannelsNeverSendRpc(Current)" methodname="UnsupportedChannelsNeverSendRpc" classname="MmorpgClient.Tests.EditMode.Social.SocialClientTests" runstate="Runnable" seed="2100622704" result="Passed" start-time="2026-09-17 03:32:01Z" end-time="2026-09-17 03:32:01Z" duration="0.001095" asserts="0">
                    <properties>
                      <property name="retryIteration" value="0" />
                      <property name="repeatIteration" value="0" />
                    </properties>
                  </test-case>
                  <test-case id="1454" name="UnsupportedChannelsNeverSendRpc(Guild)" fullname="MmorpgClient.Tests.EditMode.Social.SocialClientTests.UnsupportedChannelsNeverSendRpc(Guild)" methodname="UnsupportedChannelsNeverSendRpc" classname="MmorpgClient.Tests.EditMode.Social.SocialClientTests" runstate="Runnable" seed="1121363175" result="Passed" start-time="2026-09-17 03:32:01Z" end-time="2026-09-17 03:32:01Z" duration="0.000440" asserts="0">
                    <properties>
                      <property name="retryIteration" value="0" />
                      <property name="repeatIteration" value="0" />
                    </properties>
                  </test-case>
                  <test-case id="1455" name="UnsupportedChannelsNeverSendRpc(Team)" fullname="MmorpgClient.Tests.EditMode.Social.SocialClientTests.UnsupportedChannelsNeverSendRpc(Team)" methodname="UnsupportedChannelsNeverSendRpc" classname="MmorpgClient.Tests.EditMode.Social.SocialClientTests" runstate="Runnable" seed="1421396537" result="Passed" start-time="2026-09-17 03:32:01Z" end-time="2026-09-17 03:32:01Z" duration="0.000416" asserts="0">
                    <properties>
                      <property name="retryIteration" value="0" />
                      <property name="repeatIteration" value="0" />
                    </properties>
                  </test-case>
                  <test-case id="1456" name="UnsupportedChannelsNeverSendRpc(System)" fullname="MmorpgClient.Tests.EditMode.Social.SocialClientTests.UnsupportedChannelsNeverSendRpc(System)" methodname="UnsupportedChannelsNeverSendRpc" classname="MmorpgClient.Tests.EditMode.Social.SocialClientTests" runstate="Runnable" seed="720211499" result="Passed" start-time="2026-09-17 03:32:01Z" end-time="2026-09-17 03:32:01Z" duration="0.000372" asserts="0">
                    <properties>
                      <property name="retryIteration" value="0" />
                      <property name="repeatIteration" value="0" />
                    </properties>
                  </test-case>
                </test-suite>
              </test-suite>
              <test-suite type="TestFixture" id="1431" name="SocialStateTests" fullname="MmorpgClient.Tests.EditMode.Social.SocialStateTests" classname="MmorpgClient.Tests.EditMode.Social.SocialStateTests" runstate="Runnable" testcasecount="18" result="Passed" start-time="2026-09-17 03:32:01Z" end-time="2026-09-17 03:32:01Z" duration="0.064523" total="18" passed="18" failed="0" inconclusive="0" skipped="0" asserts="0">
                <properties />
                <test-case id="1449" name="AuthoritativeHistoryFiltersWrongChannelAndSortsOldestFirst" fullname="MmorpgClient.Tests.EditMode.Social.SocialStateTests.AuthoritativeHistoryFiltersWrongChannelAndSortsOldestFirst" methodname="AuthoritativeHistoryFiltersWrongChannelAndSortsOldestFirst" classname="MmorpgClient.Tests.EditMode.Social.SocialStateTests" runstate="Runnable" seed="276485244" result="Passed" start-time="2026-09-17 03:32:01Z" end-time="2026-09-17 03:32:01Z" duration="0.003740" asserts="0">
                  <properties>
                    <property name="retryIteration" value="0" />
                    <property name="repeatIteration" value="0" />
                  </properties>
                </test-case>
                <test-suite type="ParameterizedMethod" id="1438" name="CurrentServerDoesNotPretendUnsupportedChannelsExist" fullname="MmorpgClient.Tests.EditMode.Social.SocialStateTests.CurrentServerDoesNotPretendUnsupportedChannelsExist" classname="MmorpgClient.Tests.EditMode.Social.SocialStateTests" runstate="Runnable" testcasecount="4" result="Passed" start-time="2026-09-17 03:32:01Z" end-time="2026-09-17 03:32:01Z" duration="0.004988" total="4" passed="4" failed="0" inconclusive="0" skipped="0" asserts="0">
                  <properties />
                  <test-case id="1434" name="CurrentServerDoesNotPretendUnsupportedChannelsExist(Current)" fullname="MmorpgClient.Tests.EditMode.Social.SocialStateTests.CurrentServerDoesNotPretendUnsupportedChannelsExist(Current)" methodname="CurrentServerDoesNotPretendUnsupportedChannelsExist" classname="MmorpgClient.Tests.EditMode.Social.SocialStateTests" runstate="Runnable" seed="1740533228" result="Passed" start-time="2026-09-17 03:32:01Z" end-time="2026-09-17 03:32:01Z" duration="0.000996" asserts="0">
                    <properties>
                      <property name="retryIteration" value="0" />
                      <property name="repeatIteration" value="0" />
                    </properties>
                  </test-case>
                  <test-case id="1435" name="CurrentServerDoesNotPretendUnsupportedChannelsExist(Guild)" fullname="MmorpgClient.Tests.EditMode.Social.SocialStateTests.CurrentServerDoesNotPretendUnsupportedChannelsExist(Guild)" methodname="CurrentServerDoesNotPretendUnsupportedChannelsExist" classname="MmorpgClient.Tests.EditMode.Social.SocialStateTests" runstate="Runnable" seed="746746502" result="Passed" start-time="2026-09-17 03:32:01Z" end-time="2026-09-17 03:32:01Z" duration="0.000500" asserts="0">
                    <properties>
                      <property name="retryIteration" value="0" />
                      <property name="repeatIteration" value="0" />
                    </properties>
                  </test-case>
                  <test-case id="1436" name="CurrentServerDoesNotPretendUnsupportedChannelsExist(Team)" fullname="MmorpgClient.Tests.EditMode.Social.SocialStateTests.CurrentServerDoesNotPretendUnsupportedChannelsExist(Team)" methodname="CurrentServerDoesNotPretendUnsupportedChannelsExist" classname="MmorpgClient.Tests.EditMode.Social.SocialStateTests" runstate="Runnable" seed="1596355580" result="Passed" start-time="2026-09-17 03:32:01Z" end-time="2026-09-17 03:32:01Z" duration="0.000288" asserts="0">
                    <properties>
                      <property name="retryIteration" value="0" />
                      <property name="repeatIteration" value="0" />
                    </properties>
                  </test-case>
                  <test-case id="1437" name="CurrentServerDoesNotPretendUnsupportedChannelsExist(System)" fullname="MmorpgClient.Tests.EditMode.Social.SocialStateTests.CurrentServerDoesNotPretendUnsupportedChannelsExist(System)" methodname="CurrentServerDoesNotPretendUnsupportedChannelsExist" classname="MmorpgClient.Tests.EditMode.Social.SocialStateTests" runstate="Runnable" seed="1278231028" result="Passed" start-time="2026-09-17 03:32:01Z" end-time="2026-09-17 03:32:01Z" duration="0.000230" asserts="0">
                    <properties>
                      <property name="retryIteration" value="0" />
                      <property name="repeatIteration" value="0" />
                    </properties>
                  </test-case>
                </test-suite>
                <test-case id="1439" name="DraftsAreIndependentAcrossChannels" fullname="MmorpgClient.Tests.EditMode.Social.SocialStateTests.DraftsAreIndependentAcrossChannels" methodname="DraftsAreIndependentAcrossChannels" classname="MmorpgClient.Tests.EditMode.Social.SocialStateTests" runstate="Runnable" seed="1296533629" result="Passed" start-time="2026-09-17 03:32:01Z" end-time="2026-09-17 03:32:01Z" duration="0.000938" asserts="0">
                  <properties>
                    <property name="retryIteration" value="0" />
                    <property name="repeatIteration" value="0" />
                  </properties>
                </test-case>
                <test-case id="1433" name="ExplicitPreviewContainsThreeCompleteViews" fullname="MmorpgClient.Tests.EditMode.Social.SocialStateTests.ExplicitPreviewContainsThreeCompleteViews" methodname="ExplicitPreviewContainsThreeCompleteViews" classname="MmorpgClient.Tests.EditMode.Social.SocialStateTests" runstate="Runnable" seed="795306397" result="Passed" start-time="2026-09-17 03:32:01Z" end-time="2026-09-17 03:32:01Z" duration="0.002031" asserts="0">
                  <properties>
                    <property name="retryIteration" value="0" />
                    <property name="repeatIteration" value="0" />
                  </properties>
                </test-case>
                <test-case id="1443" name="GroupCreateChecksDuplicateAndBlankNames" fullname="MmorpgClient.Tests.EditMode.Social.SocialStateTests.GroupCreateChecksDuplicateAndBlankNames" methodname="GroupCreateChecksDuplicateAndBlankNames" classname="MmorpgClient.Tests.EditMode.Social.SocialStateTests" runstate="Runnable" seed="395012655" result="Passed" start-time="2026-09-17 03:32:01Z" end-time="2026-09-17 03:32:01Z" duration="0.007260" asserts="0">
                  <properties>
                    <property name="retryIteration" value="0" />
                    <property name="repeatIteration" value="0" />
                  </properties>
                </test-case>
                <test-case id="1442" name="GroupInvitesDeduplicateAndPreserveExistingMembers" fullname="MmorpgClient.Tests.EditMode.Social.SocialStateTests.GroupInvitesDeduplicateAndPreserveExistingMembers" methodname="GroupInvitesDeduplicateAndPreserveExistingMembers" classname="MmorpgClient.Tests.EditMode.Social.SocialStateTests" runstate="Runnable" seed="151523562" result="Passed" start-time="2026-09-17 03:32:01Z" end-time="2026-09-17 03:32:01Z" duration="0.011847" asserts="0">
                  <properties>
                    <property name="retryIteration" value="0" />
                    <property name="repeatIteration" value="0" />
                  </properties>
                </test-case>
                <test-case id="1446" name="GroupPinMuteAndLeaveAreIsolatedToSelectedGroup" fullname="MmorpgClient.Tests.EditMode.Social.SocialStateTests.GroupPinMuteAndLeaveAreIsolatedToSelectedGroup" methodname="GroupPinMuteAndLeaveAreIsolatedToSelectedGroup" classname="MmorpgClient.Tests.EditMode.Social.SocialStateTests" runstate="Runnable" seed="235887201" result="Passed" start-time="2026-09-17 03:32:01Z" end-time="2026-09-17 03:32:01Z" duration="0.002712" asserts="0">
                  <properties>
                    <property name="retryIteration" value="0" />
                    <property name="repeatIteration" value="0" />
                  </properties>
                </test-case>
                <test-case id="1447" name="GroupSendValidatesAndClearsOnlyItsOwnDraft" fullname="MmorpgClient.Tests.EditMode.Social.SocialStateTests.GroupSendValidatesAndClearsOnlyItsOwnDraft" methodname="GroupSendValidatesAndClearsOnlyItsOwnDraft" classname="MmorpgClient.Tests.EditMode.Social.SocialStateTests" runstate="Runnable" seed="1506670937" result="Passed" start-time="2026-09-17 03:32:01Z" end-time="2026-09-17 03:32:01Z" duration="0.001365" asserts="0">
                  <properties>
                    <property name="retryIteration" value="0" />
                    <property name="repeatIteration" value="0" />
                  </properties>
                </test-case>
                <test-case id="1440" name="MessageValidationUsesUnicodeCodePointsWithoutTruncatingComposition" fullname="MmorpgClient.Tests.EditMode.Social.SocialStateTests.MessageValidationUsesUnicodeCodePointsWithoutTruncatingComposition" methodname="MessageValidationUsesUnicodeCodePointsWithoutTruncatingComposition" classname="MmorpgClient.Tests.EditMode.Social.SocialStateTests" runstate="Runnable" seed="816756892" result="Passed" start-time="2026-09-17 03:32:01Z" end-time="2026-09-17 03:32:01Z" duration="0.003793" asserts="0">
                  <properties>
                    <property name="retryIteration" value="0" />
                    <property name="repeatIteration" value="0" />
                  </properties>
                </test-case>
                <test-case id="1445" name="NonOwnerCannotEditGroupAnnouncement" fullname="MmorpgClient.Tests.EditMode.Social.SocialStateTests.NonOwnerCannotEditGroupAnnouncement" methodname="NonOwnerCannotEditGroupAnnouncement" classname="MmorpgClient.Tests.EditMode.Social.SocialStateTests" runstate="Runnable" seed="2134612355" result="Passed" start-time="2026-09-17 03:32:01Z" end-time="2026-09-17 03:32:01Z" duration="0.001870" asserts="0">
                  <properties>
                    <property name="retryIteration" value="0" />
                    <property name="repeatIteration" value="0" />
                  </properties>
                </test-case>
                <test-case id="1432" name="ProductionStartsEmptyAndCannotLoadSamples" fullname="MmorpgClient.Tests.EditMode.Social.SocialStateTests.ProductionStartsEmptyAndCannotLoadSamples" methodname="ProductionStartsEmptyAndCannotLoadSamples" classname="MmorpgClient.Tests.EditMode.Social.SocialStateTests" runstate="Runnable" seed="1843655688" result="Passed" start-time="2026-09-17 03:32:01Z" end-time="2026-09-17 03:32:01Z" duration="0.002286" asserts="0">
                  <properties>
                    <property name="retryIteration" value="0" />
                    <property name="repeatIteration" value="0" />
                  </properties>
                </test-case>
                <test-case id="1444" name="RapidCreateAndLeaveCannotReuseAnotherGroupsIdentity" fullname="MmorpgClient.Tests.EditMode.Social.SocialStateTests.RapidCreateAndLeaveCannotReuseAnotherGroupsIdentity" methodname="RapidCreateAndLeaveCannotReuseAnotherGroupsIdentity" classname="MmorpgClient.Tests.EditMode.Social.SocialStateTests" runstate="Runnable" seed="2114814949" result="Passed" start-time="2026-09-17 03:32:01Z" end-time="2026-09-17 03:32:01Z" duration="0.004677" asserts="0">
                  <properties>
                    <property name="retryIteration" value="0" />
                    <property name="repeatIteration" value="0" />
                  </properties>
                </test-case>
                <test-case id="1448" name="RumorFiltersAndCountdownAreReadOnlyAndClockDriven" fullname="MmorpgClient.Tests.EditMode.Social.SocialStateTests.RumorFiltersAndCountdownAreReadOnlyAndClockDriven" methodname="RumorFiltersAndCountdownAreReadOnlyAndClockDriven" classname="MmorpgClient.Tests.EditMode.Social.SocialStateTests" runstate="Runnable" seed="16955125" result="Passed" start-time="2026-09-17 03:32:01Z" end-time="2026-09-17 03:32:01Z" duration="0.004595" asserts="0">
                  <properties>
                    <property name="retryIteration" value="0" />
                    <property name="repeatIteration" value="0" />
                  </properties>
                </test-case>
                <test-case id="1450" name="SessionResetClearsEveryDraftMessageGroupAndRumor" fullname="MmorpgClient.Tests.EditMode.Social.SocialStateTests.SessionResetClearsEveryDraftMessageGroupAndRumor" methodname="SessionResetClearsEveryDraftMessageGroupAndRumor" classname="MmorpgClient.Tests.EditMode.Social.SocialStateTests" runstate="Runnable" seed="1404368002" result="Passed" start-time="2026-09-17 03:32:01Z" end-time="2026-09-17 03:32:01Z" duration="0.001364" asserts="0">
                  <properties>
                    <property name="retryIteration" value="0" />
                    <property name="repeatIteration" value="0" />
                  </properties>
                </test-case>
                <test-case id="1441" name="SharingCardPreservesUnsentComposerDraft" fullname="MmorpgClient.Tests.EditMode.Social.SocialStateTests.SharingCardPreservesUnsentComposerDraft" methodname="SharingCardPreservesUnsentComposerDraft" classname="MmorpgClient.Tests.EditMode.Social.SocialStateTests" runstate="Runnable" seed="1552713622" result="Passed" start-time="2026-09-17 03:32:01Z" end-time="2026-09-17 03:32:01Z" duration="0.000838" asserts="0">
                  <properties>
                    <property name="retryIteration" value="0" />
                    <property name="repeatIteration" value="0" />
                  </properties>
                  <output><![CDATA[Saving results to: C:/Users/luyua/AppData/LocalLow/DefaultCompany/unity\TestResults.xml
]]></output>
                </test-case>
              </test-suite>
            </test-suite>
          </test-suite>
        </test-suite>
      </test-suite>
    </test-suite>
  </test-suite>
</test-run>